<?xml version="1.0" encoding="UTF-8"?>
<testsuite xmlns:xsi="http://www.w3.org/2001/XMLSchema-instance" xsi:noNamespaceSchemaLocation="https://maven.apache.org/surefire/maven-surefire-plugin/xsd/surefire-test-report-3.0.xsd" version="3.0" name="com.sapecas.Store.StoreApplicationTests" time="3.907" tests="1" errors="0" skipped="0" failures="0">
  <properties>
[...]
</properties>
  <testcase name="contextLoads" classname="com.sapecas.Store.StoreApplicationTests" time="0.448">
    <system-out><![CDATA[00:57:46.043 [main] INFO org.springframework.test.context.support.AnnotationConfigContextLoaderUtils -- Could not detect default configuration classes for test class [com.sapecas.Store.StoreApplicationTests]: StoreApplicationTests does not declare any static, non-private, non-final, nested classes annotated with @Configuration.
00:57:46.123 [main] INFO org.springframework.boot.test.context.SpringBootTestContextBootstrapper -- Found @SpringBootConfiguration com.sapecas.Store.StoreApplication for test class com.sapecas.Store.StoreApplicationTests

  .   ____          _            __ _ _
 /\\ / ___'_ __ _ _(_)_ __  __ _ \ \ \ \
( ( )\___ | '_ | '_| | '_ \/ _` | \ \ \ \
 \\/  ___)| |_)| | | | | || (_| |  ) ) ) )
  '  |____| .__|_| |_|_| |_\__, | / / / /
 =========|_|==============|___/=/_/_/_/
 :: Spring Boot ::                (v3.1.2)

2023-08-03T00:57:46.424-03:00  INFO 11830 --- [           main] c.sapecas.Store.StoreApplicationTests    : Starting StoreApplicationTests using Java 17.0.8 with PID 11830 (started by eduardo in /home/eduardo/Documents/Java/Spring/Store)
2023-08-03T00:57:46.426-03:00  INFO 11830 --- [           main] c.sapecas.Store.StoreApplicationTests    : No active profile set, falling back to 1 default profile: "default"
2023-08-03T00:57:46.936-03:00  INFO 11830 --- [           main] .s.d.r.c.RepositoryConfigurationDelegate : Bootstrapping Spring Data JPA repositories in DEFAULT mode.
2023-08-03T00:57:46.990-03:00  INFO 11830 --- [           main] .s.d.r.c.RepositoryConfigurationDelegate : Finished Spring Data repository scanning in 41 ms. Found 1 JPA repository interfaces.
2023-08-03T00:57:47.343-03:00  INFO 11830 --- [           main] o.f.c.internal.license.VersionPrinter    : Flyway Community Edition 9.16.3 by Redgate
2023-08-03T00:57:47.343-03:00  INFO 11830 --- [           main] o.f.c.internal.license.VersionPrinter    : See release notes here: https://rd.gt/416ObMi
2023-08-03T00:57:47.343-03:00  INFO 11830 --- [           main] o.f.c.internal.license.VersionPrinter    : 
2023-08-03T00:57:47.350-03:00  INFO 11830 --- [           main] com.zaxxer.hikari.HikariDataSource       : HikariPool-1 - Starting...
2023-08-03T00:57:47.626-03:00  INFO 11830 --- [           main] com.zaxxer.hikari.pool.HikariPool        : HikariPool-1 - Added connection org.postgresql.jdbc.PgConnection@3292d91a
2023-08-03T00:57:47.628-03:00  INFO 11830 --- [           main] com.zaxxer.hikari.HikariDataSource       : HikariPool-1 - Start completed.
2023-08-03T00:57:47.641-03:00  INFO 11830 --- [           main] o.f.c.i.database.base.BaseDatabaseType   : Database: jdbc:postgresql://localhost:5432/store (PostgreSQL 14.8)
2023-08-03T00:57:47.672-03:00  INFO 11830 --- [           main] o.f.core.internal.command.DbValidate     : Successfully validated 1 migration (execution time 00:00.018s)
2023-08-03T00:57:47.725-03:00  INFO 11830 --- [           main] o.f.core.internal.command.DbMigrate      : Current version of schema "public": 1
2023-08-03T00:57:47.726-03:00  INFO 11830 --- [           main] o.f.core.internal.command.DbMigrate      : Schema "public" is up to date. No migration necessary.
2023-08-03T00:57:47.793-03:00  INFO 11830 --- [           main] o.hibernate.jpa.internal.util.LogHelper  : HHH000204: Processing PersistenceUnitInfo [name: default]
2023-08-03T00:57:47.831-03:00  INFO 11830 --- [           main] org.hibernate.Version                    : HHH000412: Hibernate ORM core version 6.2.6.Final
2023-08-03T00:57:47.832-03:00  INFO 11830 --- [           main] org.hibernate.cfg.Environment            : HHH000406: Using bytecode reflection optimizer
2023-08-03T00:57:47.934-03:00  INFO 11830 --- [           main] o.h.b.i.BytecodeProviderInitiator        : HHH000021: Bytecode provider name : bytebuddy
2023-08-03T00:57:48.027-03:00  INFO 11830 --- [           main] o.s.o.j.p.SpringPersistenceUnitInfo      : No LoadTimeWeaver setup: ignoring JPA class transformer
2023-08-03T00:57:48.211-03:00  INFO 11830 --- [           main] o.h.b.i.BytecodeProviderInitiator        : HHH000021: Bytecode provider name : bytebuddy
2023-08-03T00:57:48.652-03:00  INFO 11830 --- [           main] o.h.e.t.j.p.i.JtaPlatformInitiator       : HHH000490: Using JtaPlatform implementation: [org.hibernate.engine.transaction.jta.platform.internal.NoJtaPlatform]
2023-08-03T00:57:48.689-03:00  INFO 11830 --- [           main] j.LocalContainerEntityManagerFactoryBean : Initialized JPA EntityManagerFactory for persistence unit 'default'
2023-08-03T00:57:49.093-03:00  WARN 11830 --- [           main] JpaBaseConfiguration$JpaWebConfiguration : spring.jpa.open-in-view is enabled by default. Therefore, database queries may be performed during view rendering. Explicitly configure spring.jpa.open-in-view to disable this warning
2023-08-03T00:57:49.379-03:00  INFO 11830 --- [           main] c.sapecas.Store.StoreApplicationTests    : Started StoreApplicationTests in 3.158 seconds (process running for 3.869)
]]></system-out>
  </testcase>
</testsuite>